<?xml version="1.0" encoding="UTF-8"?>
<testsuite name="edu.io.BoardTest" tests="4" skipped="0" failures="0" errors="0" timestamp="2025-11-15T17:11:06.288Z" hostname="MATI" time="0.023">
  <properties/>
  <testcase name="display_method_exists()" classname="edu.io.BoardTest" time="0.015"/>
  <testcase name="can_place_token()" classname="edu.io.BoardTest" time="0.003"/>
  <testcase name="clean_method_works()" classname="edu.io.BoardTest" time="0.002"/>
  <testcase name="new_board_is_clean()" classname="edu.io.BoardTest" time="0.001"/>
  <system-out><![CDATA[]]></system-out>
  <system-err><![CDATA[]]></system-err>
</testsuite>
